 => ERROR [16/19] RUN mkdir build && cd build     && echo "=== CMake Configuration ==="     && cmake .. -DCMAKE_BUILD_TYPE=Release         -DCUDA_TOOLKIT_ROOT_DIR=/usr/local/cuda         -DCMAKE_POSI  19.5s
------
 > [16/19] RUN mkdir build && cd build     && echo "=== CMake Configuration ==="     && cmake .. -DCMAKE_BUILD_TYPE=Release         -DCUDA_TOOLKIT_ROOT_DIR=/usr/local/cuda         -DCMAKE_POSITION_INDEPENDENT_CODE=ON         -DEIGEN3_INCLUDE_DIR=/usr/include/eigen3     && echo "=== Building SwarmMap Core ==="     && make -j$(nproc)     && echo "=== SwarmMap Build Complete ===":
0.416 === CMake Configuration ===
0.538 -- The C compiler identification is GNU 7.5.0
0.646 -- The CXX compiler identification is GNU 7.5.0
0.652 -- Check for working C compiler: /usr/bin/cc
0.797 -- Check for working C compiler: /usr/bin/cc -- works
0.798 -- Detecting C compiler ABI info
0.945 -- Detecting C compiler ABI info - done
0.953 -- Detecting C compile features
1.433 -- Detecting C compile features - done
1.437 -- Check for working CXX compiler: /usr/bin/c++
1.608 -- Check for working CXX compiler: /usr/bin/c++ -- works
1.609 -- Detecting CXX compiler ABI info
1.785 -- Detecting CXX compiler ABI info - done
1.792 -- Detecting CXX compile features
2.458 -- Detecting CXX compile features - done
2.460 Build type: Release
2.481 -- Looking for pthread.h
2.632 -- Looking for pthread.h - found
2.633 -- Looking for pthread_create
2.798 -- Looking for pthread_create - not found
2.799 -- Looking for pthread_create in pthreads
2.919 -- Looking for pthread_create in pthreads - not found
2.919 -- Looking for pthread_create in pthread
3.082 -- Looking for pthread_create in pthread - found
3.084 -- Found Threads: TRUE
3.105 -- Performing Test COMPILER_SUPPORTS_CXX11
3.262 -- Performing Test COMPILER_SUPPORTS_CXX11 - Success
3.263 -- Performing Test COMPILER_SUPPORTS_CXX0X
3.418 -- Performing Test COMPILER_SUPPORTS_CXX0X - Success
3.418 -- Using flag -std=c++11.
3.431 OpenCV 4 not found
3.464 -- Boost  found.
3.464 -- Found Boost components:
3.464    serialization
3.493 -- Configuring done
3.625 -- Generating done
3.629 -- Build files have been written to: /opt/SwarmMap/build
3.636 === Building SwarmMap Core ===
3.710 [  2%] Building NVCC (Device) object CMakeFiles/slam_core.dir/code/src/cuda/slam_core_generated_Allocator_gpu.cu.o
3.713 [  4%] Building NVCC (Device) object CMakeFiles/slam_core.dir/code/src/cuda/slam_core_generated_Cuda.cu.o
3.715 [  6%] Building NVCC (Device) object CMakeFiles/slam_core.dir/code/src/cuda/slam_core_generated_Fast_gpu.cu.o
3.716 [  8%] Building NVCC (Device) object CMakeFiles/slam_core.dir/code/src/cuda/slam_core_generated_Orb_gpu.cu.o
11.41 Scanning dependencies of target slam_core
11.90 [ 10%] Building CXX object CMakeFiles/slam_core.dir/code/src/System.cc.o
11.91 [ 12%] Building CXX object CMakeFiles/slam_core.dir/code/src/Tracking.cc.o
11.91 [ 14%] Building CXX object CMakeFiles/slam_core.dir/code/src/LocalMapping.cc.o
11.92 [ 17%] Building CXX object CMakeFiles/slam_core.dir/code/src/LoopClosing.cc.o
11.92 [ 19%] Building CXX object CMakeFiles/slam_core.dir/code/src/ORBmatcher.cc.o
11.92 [ 21%] Building CXX object CMakeFiles/slam_core.dir/code/src/ORBextractor.cc.o
11.93 [ 23%] Building CXX object CMakeFiles/slam_core.dir/code/src/FrameDrawer.cc.o
11.93 [ 25%] Building CXX object CMakeFiles/slam_core.dir/code/src/Converter.cc.o
11.94 [ 27%] Building CXX object CMakeFiles/slam_core.dir/code/src/MapPoint.cc.o
11.94 [ 29%] Building CXX object CMakeFiles/slam_core.dir/code/src/Map.cc.o
11.94 [ 31%] Building CXX object CMakeFiles/slam_core.dir/code/src/KeyFrame.cc.o
11.95 [ 34%] Building CXX object CMakeFiles/slam_core.dir/code/src/MapDrawer.cc.o
11.97 [ 36%] Building CXX object CMakeFiles/slam_core.dir/code/src/Optimizer.cc.o
11.99 [ 40%] Building CXX object CMakeFiles/slam_core.dir/code/src/Frame.cc.o
11.99 [ 40%] Building CXX object CMakeFiles/slam_core.dir/code/src/PnPsolver.cc.o
12.00 [ 42%] Building CXX object CMakeFiles/slam_core.dir/code/src/Sim3Solver.cc.o
12.00 [ 46%] Building CXX object CMakeFiles/slam_core.dir/code/src/KeyFrameDatabase.cc.o
12.00 [ 46%] Building CXX object CMakeFiles/slam_core.dir/code/src/Viewer.cc.o
12.00 [ 48%] Building CXX object CMakeFiles/slam_core.dir/code/src/Initializer.cc.o
12.01 [ 51%] Building CXX object CMakeFiles/slam_core.dir/code/src/MapUpdater.cc.o
12.01 [ 53%] Building CXX object CMakeFiles/slam_core.dir/code/src/DataSetUtil.cc.o
12.02 [ 55%] Building CXX object CMakeFiles/slam_core.dir/code/src/Timer.cc.o
12.03 [ 57%] Building CXX object CMakeFiles/slam_core.dir/code/src/AgentMediator.cc.o
12.04 [ 61%] Building CXX object CMakeFiles/slam_core.dir/code/src/MapManager.cc.o
12.04 [ 61%] Building CXX object CMakeFiles/slam_core.dir/code/src/MapSlice.cc.o
12.04 [ 63%] Building CXX object CMakeFiles/slam_core.dir/code/src/LandmarkScoring.cc.o
12.04 [ 65%] Building CXX object CMakeFiles/slam_core.dir/code/src/DynamicExtractor.cc.o
12.05 [ 68%] Building CXX object CMakeFiles/slam_core.dir/code/src/MapEnhancer.cc.o
12.06 [ 70%] Building CXX object CMakeFiles/slam_core.dir/code/src/DynamicRunner.cc.o
12.07 [ 72%] Building CXX object CMakeFiles/slam_core.dir/code/src/MediatorScheduler.cc.o
12.08 [ 74%] Building CXX object CMakeFiles/slam_core.dir/code/src/Mapit.cc.o
12.08 [ 76%] Building CXX object CMakeFiles/slam_core.dir/code/src/STS.cc.o
12.13 In file included from /opt/SwarmMap/code/include/KeyFrame.h:26:0,
12.13                  from /opt/SwarmMap/code/include/Frame.h:30,
12.13                  from /opt/SwarmMap/code/include/MapPoint.h:24,
12.13                  from /opt/SwarmMap/code/include/ORBmatcher.h:29,
12.13                  from /opt/SwarmMap/code/src/ORBmatcher.cc:21:
12.13 /opt/SwarmMap/code/include/ORBextractor.h:29:10: fatal error: opencv2/cudafilters.hpp: No such file or directory
12.13  #include <opencv2/cudafilters.hpp>
12.13           ^~~~~~~~~~~~~~~~~~~~~~~~~
12.13 compilation terminated.
12.14 CMakeFiles/slam_core.dir/build.make:210: recipe for target 'CMakeFiles/slam_core.dir/code/src/ORBmatcher.cc.o' failed
12.14 make[2]: *** [CMakeFiles/slam_core.dir/code/src/ORBmatcher.cc.o] Error 1
12.14 make[2]: *** Waiting for unfinished jobs....
12.19 /opt/SwarmMap/code/src/ORBextractor.cc:62:10: fatal error: opencv2/cudafeatures2d.hpp: No such file or directory
12.19  #include <opencv2/cudafeatures2d.hpp>
12.19           ^~~~~~~~~~~~~~~~~~~~~~~~~~~~
12.19 compilation terminated.
12.21 CMakeFiles/slam_core.dir/build.make:186: recipe for target 'CMakeFiles/slam_core.dir/code/src/ORBextractor.cc.o' failed
12.21 make[2]: *** [CMakeFiles/slam_core.dir/code/src/ORBextractor.cc.o] Error 1
12.21 In file included from /opt/SwarmMap/code/include/KeyFrame.h:26:0,
12.21                  from /opt/SwarmMap/code/include/Frame.h:30,
12.21                  from /opt/SwarmMap/code/include/MapPoint.h:24,
12.21                  from /opt/SwarmMap/code/include/PnPsolver.h:55,
12.21                  from /opt/SwarmMap/code/src/PnPsolver.cc:53:
12.21 /opt/SwarmMap/code/include/ORBextractor.h:29:10: fatal error: opencv2/cudafilters.hpp: No such file or directory
12.21  #include <opencv2/cudafilters.hpp>
12.21           ^~~~~~~~~~~~~~~~~~~~~~~~~
12.21 compilation terminated.
12.22 In file included from /opt/SwarmMap/code/include/Frame.h:31:0,
12.22                  from /opt/SwarmMap/code/include/MapPoint.h:24,
12.22                  from /opt/SwarmMap/code/include/KeyFrame.h:24,
12.22                  from /opt/SwarmMap/code/include/LoopClosing.h:24,
12.22                  from /opt/SwarmMap/code/src/LoopClosing.cc:21:
12.22 /opt/SwarmMap/code/include/ORBextractor.h:29:10: fatal error: opencv2/cudafilters.hpp: No such file or directory
12.22  #include <opencv2/cudafilters.hpp>
12.22           ^~~~~~~~~~~~~~~~~~~~~~~~~
12.22 compilation terminated.
12.22 In file included from /opt/SwarmMap/code/include/KeyFrame.h:26:0,
12.22                  from /opt/SwarmMap/code/include/Frame.h:30,
12.22                  from /opt/SwarmMap/code/include/MapPoint.h:24,
12.22                  from /opt/SwarmMap/code/include/FrameDrawer.h:25,
12.22                  from /opt/SwarmMap/code/include/Viewer.h:25,
12.22                  from /opt/SwarmMap/code/include/Tracking.h:29,
12.22                  from /opt/SwarmMap/code/src/Tracking.cc:22:
12.22 /opt/SwarmMap/code/include/ORBextractor.h:29:10: fatal error: opencv2/cudafilters.hpp: No such file or directory
12.22  #include <opencv2/cudafilters.hpp>
12.22           ^~~~~~~~~~~~~~~~~~~~~~~~~
12.22 compilation terminated.
12.23 In file included from /opt/SwarmMap/code/include/Frame.h:31:0,
12.23                  from /opt/SwarmMap/code/include/MapPoint.h:24,
12.23                  from /opt/SwarmMap/code/include/KeyFrame.h:24,
12.23                  from /opt/SwarmMap/code/include/LocalMapping.h:24,
12.23                  from /opt/SwarmMap/code/src/LocalMapping.cc:21:
12.23 /opt/SwarmMap/code/include/ORBextractor.h:29:10: fatal error: opencv2/cudafilters.hpp: No such file or directory
12.23  #include <opencv2/cudafilters.hpp>
12.23           ^~~~~~~~~~~~~~~~~~~~~~~~~
12.23 In file included from /opt/SwarmMap/code/include/Frame.h:31:0,
12.23                  from /opt/SwarmMap/code/include/MapPoint.h:24,
12.23                  from /opt/SwarmMap/code/include/KeyFrame.h:24,
12.23                  from /opt/SwarmMap/code/src/KeyFrame.cc:21:
12.23 /opt/SwarmMap/code/include/ORBextractor.h:29:10: fatal error: opencv2/cudafilters.hpp: No such file or directory
12.23  #include <opencv2/cudafilters.hpp>
12.23           ^~~~~~~~~~~~~~~~~~~~~~~~~
12.23 compilation terminated.
12.24 compilation terminated.
12.24 CMakeFiles/slam_core.dir/build.make:402: recipe for target 'CMakeFiles/slam_core.dir/code/src/PnPsolver.cc.o' failed
12.24 make[2]: *** [CMakeFiles/slam_core.dir/code/src/PnPsolver.cc.o] Error 1
12.25 CMakeFiles/slam_core.dir/build.make:114: recipe for target 'CMakeFiles/slam_core.dir/code/src/Tracking.cc.o' failed
12.25 make[2]: *** [CMakeFiles/slam_core.dir/code/src/Tracking.cc.o] Error 1
12.26 CMakeFiles/slam_core.dir/build.make:306: recipe for target 'CMakeFiles/slam_core.dir/code/src/KeyFrame.cc.o' failed
12.26 make[2]: *** [CMakeFiles/slam_core.dir/code/src/KeyFrame.cc.o] Error 1
12.26 CMakeFiles/slam_core.dir/build.make:162: recipe for target 'CMakeFiles/slam_core.dir/code/src/LoopClosing.cc.o' failed
12.26 make[2]: *** [CMakeFiles/slam_core.dir/code/src/LoopClosing.cc.o] Error 1
12.27 CMakeFiles/slam_core.dir/build.make:138: recipe for target 'CMakeFiles/slam_core.dir/code/src/LocalMapping.cc.o' failed
12.27 make[2]: *** [CMakeFiles/slam_core.dir/code/src/LocalMapping.cc.o] Error 1
12.31 In file included from /opt/SwarmMap/code/include/KeyFrame.h:26:0,
12.31                  from /opt/SwarmMap/code/include/Frame.h:30,
12.31                  from /opt/SwarmMap/code/include/MapPoint.h:24,
12.31                  from /opt/SwarmMap/code/include/Map.h:24,
12.31                  from /opt/SwarmMap/code/include/Optimizer.h:24,
12.31                  from /opt/SwarmMap/code/src/Optimizer.cc:21:
12.31 /opt/SwarmMap/code/include/ORBextractor.h:29:10: fatal error: opencv2/cudafilters.hpp: No such file or directory
12.31  #include <opencv2/cudafilters.hpp>
12.31           ^~~~~~~~~~~~~~~~~~~~~~~~~
12.31 compilation terminated.
12.31 In file included from /opt/SwarmMap/code/include/KeyFrame.h:26:0,
12.31                  from /opt/SwarmMap/code/include/Frame.h:30,
12.31                  from /opt/SwarmMap/code/include/MapPoint.h:24,
12.31                  from /opt/SwarmMap/code/include/Map.h:24,
12.31                  from /opt/SwarmMap/code/include/Tracking.h:31,
12.31                  from /opt/SwarmMap/code/include/FrameDrawer.h:24,
12.31                  from /opt/SwarmMap/code/include/Viewer.h:25,
12.31                  from /opt/SwarmMap/code/src/Viewer.cc:21:
12.31 /opt/SwarmMap/code/include/ORBextractor.h:29:10: fatal error: opencv2/cudafilters.hpp: No such file or directory
12.31  #include <opencv2/cudafilters.hpp>
12.31           ^~~~~~~~~~~~~~~~~~~~~~~~~
12.31 compilation terminated.
12.32 In file included from /opt/SwarmMap/code/include/KeyFrame.h:26:0,
12.32                  from /opt/SwarmMap/code/include/Frame.h:30,
12.32                  from /opt/SwarmMap/code/include/MapPoint.h:24,
12.32                  from /opt/SwarmMap/code/include/Map.h:24,
12.32                  from /opt/SwarmMap/code/include/MapDrawer.h:24,
12.32                  from /opt/SwarmMap/code/src/MapDrawer.cc:21:
12.32 /opt/SwarmMap/code/include/ORBextractor.h:29:10: fatal error: opencv2/cudafilters.hpp: No such file or directory
12.32  #include <opencv2/cudafilters.hpp>
12.32           ^~~~~~~~~~~~~~~~~~~~~~~~~
12.32 compilation terminated.
12.32 In file included from /opt/SwarmMap/code/include/KeyFrame.h:26:0,
12.32                  from /opt/SwarmMap/code/include/Frame.h:30,
12.32                  from /opt/SwarmMap/code/include/MapPoint.h:24,
12.32                  from /opt/SwarmMap/code/include/Map.h:24,
12.32                  from /opt/SwarmMap/code/include/MapDrawer.h:24,
12.32                  from /opt/SwarmMap/code/include/Viewer.h:26,
12.32                  from /opt/SwarmMap/code/include/Tracking.h:29,
12.32                  from /opt/SwarmMap/code/include/FrameDrawer.h:24,
12.32                  from /opt/SwarmMap/code/src/FrameDrawer.cc:21:
12.32 /opt/SwarmMap/code/include/ORBextractor.h:29:10: fatal error: opencv2/cudafilters.hpp: No such file or directory
12.32  #include <opencv2/cudafilters.hpp>
12.32           ^~~~~~~~~~~~~~~~~~~~~~~~~
12.32 compilation terminated.
12.33 In file included from /opt/SwarmMap/code/include/KeyFrame.h:26:0,
12.33                  from /opt/SwarmMap/code/include/Frame.h:30,
12.33                  from /opt/SwarmMap/code/include/MapPoint.h:24,
12.33                  from /opt/SwarmMap/code/src/MapPoint.cc:21:
12.33 /opt/SwarmMap/code/include/ORBextractor.h:29:10: fatal error: opencv2/cudafilters.hpp: No such file or directory
12.33  #include <opencv2/cudafilters.hpp>
12.33           ^~~~~~~~~~~~~~~~~~~~~~~~~
12.33 compilation terminated.
12.33 make[2]: *** [CMakeFiles/slam_core.dir/code/src/Optimizer.cc.o] Error 1
12.33 CMakeFiles/slam_core.dir/build.make:378: recipe for target 'CMakeFiles/slam_core.dir/code/src/Optimizer.cc.o' failed
12.35 make[2]: *** [CMakeFiles/slam_core.dir/code/src/Viewer.cc.o] Error 1
12.35 In file included from /opt/SwarmMap/code/include/KeyFrame.h:26:0,
12.35                  from /opt/SwarmMap/code/include/Frame.h:30,
12.35                  from /opt/SwarmMap/code/include/MapPoint.h:24,
12.35                  from /opt/SwarmMap/code/include/Map.h:24,
12.35                  from /opt/SwarmMap/code/src/MapManager.cc:5:
12.35 /opt/SwarmMap/code/include/ORBextractor.h:29:10: fatal error: opencv2/cudafilters.hpp: No such file or directory
12.35  #include <opencv2/cudafilters.hpp>
12.35           ^~~~~~~~~~~~~~~~~~~~~~~~~
12.35 compilation terminated.
12.35 CMakeFiles/slam_core.dir/build.make:522: recipe for target 'CMakeFiles/slam_core.dir/code/src/Viewer.cc.o' failed
12.35 CMakeFiles/slam_core.dir/build.make:354: recipe for target 'CMakeFiles/slam_core.dir/code/src/MapDrawer.cc.o' failed
12.35 make[2]: *** [CMakeFiles/slam_core.dir/code/src/MapDrawer.cc.o] Error 1
12.36 make[2]: *** [CMakeFiles/slam_core.dir/code/src/FrameDrawer.cc.o] Error 1
12.36 CMakeFiles/slam_core.dir/build.make:234: recipe for target 'CMakeFiles/slam_core.dir/code/src/FrameDrawer.cc.o' failed
12.36 make[2]: *** [CMakeFiles/slam_core.dir/code/src/MapPoint.cc.o] Error 1
12.36 In file included from /opt/SwarmMap/code/include/KeyFrame.h:26:0,
12.36                  from /opt/SwarmMap/code/include/Frame.h:30,
12.36                  from /opt/SwarmMap/code/include/MapPoint.h:24,
12.36                  from /opt/SwarmMap/code/include/Map.h:24,
12.36                  from /opt/SwarmMap/code/src/Map.cc:23:
12.36 /opt/SwarmMap/code/include/ORBextractor.h:29:10: fatal error: opencv2/cudafilters.hpp: No such file or directory
12.36  #include <opencv2/cudafilters.hpp>
12.36           ^~~~~~~~~~~~~~~~~~~~~~~~~
12.36 CMakeFiles/slam_core.dir/build.make:282: recipe for target 'CMakeFiles/slam_core.dir/code/src/MapPoint.cc.o' failed
12.36 compilation terminated.
12.37 CMakeFiles/slam_core.dir/build.make:642: recipe for target 'CMakeFiles/slam_core.dir/code/src/MapManager.cc.o' failed
12.37 make[2]: *** [CMakeFiles/slam_core.dir/code/src/MapManager.cc.o] Error 1
12.38 make[2]: *** [CMakeFiles/slam_core.dir/code/src/Map.cc.o] Error 1
12.38 CMakeFiles/slam_core.dir/build.make:330: recipe for target 'CMakeFiles/slam_core.dir/code/src/Map.cc.o' failed
12.39 In file included from /opt/SwarmMap/code/include/KeyFrame.h:26:0,
12.39                  from /opt/SwarmMap/code/include/Map.h:25,
12.39                  from /opt/SwarmMap/code/include/MapPoint.h:25,
12.39                  from /opt/SwarmMap/code/include/Frame.h:26,
12.39                  from /opt/SwarmMap/code/src/Frame.cc:21:
12.39 /opt/SwarmMap/code/include/ORBextractor.h:29:10: fatal error: opencv2/cudafilters.hpp: No such file or directory
12.39  #include <opencv2/cudafilters.hpp>
12.39           ^~~~~~~~~~~~~~~~~~~~~~~~~
12.39 compilation terminated.
12.39 In file included from /opt/SwarmMap/code/include/KeyFrame.h:26:0,
12.39                  from /opt/SwarmMap/code/include/Frame.h:30,
12.39                  from /opt/SwarmMap/code/include/MapPoint.h:24,
12.39                  from /opt/SwarmMap/code/include/Map.h:24,
12.39                  from /opt/SwarmMap/code/include/MapUpdater.h:8,
12.39                  from /opt/SwarmMap/code/src/MapUpdater.cc:5:
12.39 /opt/SwarmMap/code/include/ORBextractor.h:29:10: fatal error: opencv2/cudafilters.hpp: No such file or directory
12.39  #include <opencv2/cudafilters.hpp>
12.39           ^~~~~~~~~~~~~~~~~~~~~~~~~
12.39 compilation terminated.
12.40 In file included from /opt/SwarmMap/code/include/Frame.h:31:0,
12.40                  from /opt/SwarmMap/code/include/MapPoint.h:24,
12.40                  from /opt/SwarmMap/code/include/KeyFrame.h:24,
12.40                  from /opt/SwarmMap/code/include/KeyFrameDatabase.h:28,
12.40                  from /opt/SwarmMap/code/src/KeyFrameDatabase.cc:21:
12.40 /opt/SwarmMap/code/include/ORBextractor.h:29:10: fatal error: opencv2/cudafilters.hpp: No such file or directory
12.40  #include <opencv2/cudafilters.hpp>
12.40           ^~~~~~~~~~~~~~~~~~~~~~~~~
12.40 compilation terminated.
12.41 CMakeFiles/slam_core.dir/build.make:426: recipe for target 'CMakeFiles/slam_core.dir/code/src/Frame.cc.o' failed
12.41 make[2]: *** [CMakeFiles/slam_core.dir/code/src/Frame.cc.o] Error 1
12.41 make[2]: *** [CMakeFiles/slam_core.dir/code/src/MapUpdater.cc.o] Error 1
12.41 CMakeFiles/slam_core.dir/build.make:546: recipe for target 'CMakeFiles/slam_core.dir/code/src/MapUpdater.cc.o' failed
12.42 make[2]: *** [CMakeFiles/slam_core.dir/code/src/KeyFrameDatabase.cc.o] Error 1
12.42 In file included from /opt/SwarmMap/code/include/KeyFrame.h:26:0,
12.42                  from /opt/SwarmMap/code/include/Frame.h:30,
12.42                  from /opt/SwarmMap/code/include/MapPoint.h:24,
12.42                  from /opt/SwarmMap/code/include/MapEnhancer.h:11,
12.42                  from /opt/SwarmMap/code/src/MapEnhancer.cc:6:
12.42 /opt/SwarmMap/code/include/ORBextractor.h:29:10: fatal error: opencv2/cudafilters.hpp: No such file or directory
12.42  #include <opencv2/cudafilters.hpp>
12.42           ^~~~~~~~~~~~~~~~~~~~~~~~~
12.42 compilation terminated.
12.42 CMakeFiles/slam_core.dir/build.make:450: recipe for target 'CMakeFiles/slam_core.dir/code/src/KeyFrameDatabase.cc.o' failed
12.42 In file included from /opt/SwarmMap/code/include/Frame.h:31:0,
12.42                  from /opt/SwarmMap/code/include/MapPoint.h:24,
12.42                  from /opt/SwarmMap/code/include/KeyFrame.h:24,
12.42                  from /opt/SwarmMap/code/include/Sim3Solver.h:28,
12.42                  from /opt/SwarmMap/code/src/Sim3Solver.cc:22:
12.42 /opt/SwarmMap/code/include/ORBextractor.h:29:10: fatal error: opencv2/cudafilters.hpp: No such file or directory
12.42  #include <opencv2/cudafilters.hpp>
12.42           ^~~~~~~~~~~~~~~~~~~~~~~~~
12.42 compilation terminated.
12.44 make[2]: *** [CMakeFiles/slam_core.dir/code/src/MapEnhancer.cc.o] Error 1
12.44 CMakeFiles/slam_core.dir/build.make:762: recipe for target 'CMakeFiles/slam_core.dir/code/src/MapEnhancer.cc.o' failed
12.44 make[2]: *** [CMakeFiles/slam_core.dir/code/src/Sim3Solver.cc.o] Error 1
12.44 CMakeFiles/slam_core.dir/build.make:474: recipe for target 'CMakeFiles/slam_core.dir/code/src/Sim3Solver.cc.o' failed
12.44 In file included from /opt/SwarmMap/code/include/KeyFrame.h:26:0,
12.44                  from /opt/SwarmMap/code/include/Map.h:25,
12.44                  from /opt/SwarmMap/code/include/MapPoint.h:25,
12.44                  from /opt/SwarmMap/code/include/Frame.h:26,
12.44                  from /opt/SwarmMap/code/include/Initializer.h:24,
12.44                  from /opt/SwarmMap/code/src/Initializer.cc:21:
12.44 /opt/SwarmMap/code/include/ORBextractor.h:29:10: fatal error: opencv2/cudafilters.hpp: No such file or directory
12.44  #include <opencv2/cudafilters.hpp>
12.44           ^~~~~~~~~~~~~~~~~~~~~~~~~
12.44 compilation terminated.
12.45 In file included from /opt/SwarmMap/code/include/Frame.h:31:0,
12.45                  from /opt/SwarmMap/code/include/MapPoint.h:24,
12.45                  from /opt/SwarmMap/code/include/KeyFrame.h:24,
12.45                  from /opt/SwarmMap/code/include/DynamicRunner.h:9,
12.45                  from /opt/SwarmMap/code/src/DynamicRunner.cc:5:
12.45 /opt/SwarmMap/code/include/ORBextractor.h:29:10: fatal error: opencv2/cudafilters.hpp: No such file or directory
12.45  #include <opencv2/cudafilters.hpp>
12.45           ^~~~~~~~~~~~~~~~~~~~~~~~~
12.45 compilation terminated.
12.46 CMakeFiles/slam_core.dir/build.make:498: recipe for target 'CMakeFiles/slam_core.dir/code/src/Initializer.cc.o' failed
12.46 make[2]: *** [CMakeFiles/slam_core.dir/code/src/Initializer.cc.o] Error 1
12.46 make[2]: *** [CMakeFiles/slam_core.dir/code/src/DynamicRunner.cc.o] Error 1
12.46 CMakeFiles/slam_core.dir/build.make:738: recipe for target 'CMakeFiles/slam_core.dir/code/src/DynamicRunner.cc.o' failed
12.51 In file included from /opt/SwarmMap/code/include/KeyFrame.h:26:0,
12.51                  from /opt/SwarmMap/code/include/Frame.h:30,
12.51                  from /opt/SwarmMap/code/include/MapPoint.h:24,
12.51                  from /opt/SwarmMap/code/include/FrameDrawer.h:25,
12.51                  from /opt/SwarmMap/code/include/Viewer.h:25,
12.51                  from /opt/SwarmMap/code/include/Tracking.h:29,
12.51                  from /opt/SwarmMap/code/include/System.h:30,
12.51                  from /opt/SwarmMap/code/src/STS.cc:6:
12.51 /opt/SwarmMap/code/include/ORBextractor.h:29:10: fatal error: opencv2/cudafilters.hpp: No such file or directory
12.51  #include <opencv2/cudafilters.hpp>
12.51           ^~~~~~~~~~~~~~~~~~~~~~~~~
12.51 compilation terminated.
12.52 CMakeFiles/slam_core.dir/build.make:834: recipe for target 'CMakeFiles/slam_core.dir/code/src/STS.cc.o' failed
12.52 make[2]: *** [CMakeFiles/slam_core.dir/code/src/STS.cc.o] Error 1
12.57 In file included from /opt/SwarmMap/code/include/KeyFrame.h:26:0,
12.57                  from /opt/SwarmMap/code/include/Frame.h:30,
12.57                  from /opt/SwarmMap/code/include/MapPoint.h:24,
12.57                  from /opt/SwarmMap/code/include/Map.h:24,
12.57                  from /opt/SwarmMap/code/include/Optimizer.h:24,
12.57                  from /opt/SwarmMap/code/src/AgentMediator.cc:8:
12.57 /opt/SwarmMap/code/include/ORBextractor.h:29:10: fatal error: opencv2/cudafilters.hpp: No such file or directory
12.57  #include <opencv2/cudafilters.hpp>
12.57           ^~~~~~~~~~~~~~~~~~~~~~~~~
12.57 compilation terminated.
12.59 In file included from /opt/SwarmMap/code/include/KeyFrame.h:26:0,
12.59                  from /opt/SwarmMap/code/include/Frame.h:30,
12.59                  from /opt/SwarmMap/code/include/MapPoint.h:24,
12.59                  from /opt/SwarmMap/code/src/LandmarkScoring.cc:8:
12.59 /opt/SwarmMap/code/include/ORBextractor.h:29:10: fatal error: opencv2/cudafilters.hpp: No such file or directory
12.59  #include <opencv2/cudafilters.hpp>
12.59           ^~~~~~~~~~~~~~~~~~~~~~~~~
12.59 compilation terminated.
12.59 CMakeFiles/slam_core.dir/build.make:570: recipe for target 'CMakeFiles/slam_core.dir/code/src/AgentMediator.cc.o' failed
12.59 make[2]: *** [CMakeFiles/slam_core.dir/code/src/AgentMediator.cc.o] Error 1
12.60 CMakeFiles/slam_core.dir/build.make:690: recipe for target 'CMakeFiles/slam_core.dir/code/src/LandmarkScoring.cc.o' failed
12.60 make[2]: *** [CMakeFiles/slam_core.dir/code/src/LandmarkScoring.cc.o] Error 1
12.65 In file included from /opt/SwarmMap/code/include/KeyFrame.h:26:0,
12.65                  from /opt/SwarmMap/code/include/Frame.h:30,
12.65                  from /opt/SwarmMap/code/include/MapPoint.h:24,
12.65                  from /opt/SwarmMap/code/include/Map.h:24,
12.65                  from /opt/SwarmMap/code/include/MapUpdater.h:8,
12.65                  from /opt/SwarmMap/code/src/MediatorScheduler.cc:7:
12.65 /opt/SwarmMap/code/include/ORBextractor.h:29:10: fatal error: opencv2/cudafilters.hpp: No such file or directory
12.65  #include <opencv2/cudafilters.hpp>
12.65           ^~~~~~~~~~~~~~~~~~~~~~~~~
12.65 compilation terminated.
12.67 make[2]: *** [CMakeFiles/slam_core.dir/code/src/MediatorScheduler.cc.o] Error 1
12.67 CMakeFiles/slam_core.dir/build.make:786: recipe for target 'CMakeFiles/slam_core.dir/code/src/MediatorScheduler.cc.o' failed
12.69 In file included from /opt/SwarmMap/code/include/KeyFrame.h:26:0,
12.69                  from /opt/SwarmMap/code/include/Frame.h:30,
12.69                  from /opt/SwarmMap/code/include/MapPoint.h:24,
12.69                  from /opt/SwarmMap/code/include/Map.h:24,
12.69                  from /opt/SwarmMap/code/include/BoostArchiver.h:37,
12.69                  from /opt/SwarmMap/code/src/System.cc:22:
12.69 /opt/SwarmMap/code/include/ORBextractor.h:29:10: fatal error: opencv2/cudafilters.hpp: No such file or directory
12.69  #include <opencv2/cudafilters.hpp>
12.69           ^~~~~~~~~~~~~~~~~~~~~~~~~
12.69 compilation terminated.
12.72 make[2]: *** [CMakeFiles/slam_core.dir/code/src/System.cc.o] Error 1
12.72 CMakeFiles/slam_core.dir/build.make:90: recipe for target 'CMakeFiles/slam_core.dir/code/src/System.cc.o' failed
12.75 In file included from /opt/SwarmMap/code/include/KeyFrame.h:26:0,
12.75                  from /opt/SwarmMap/code/include/Frame.h:30,
12.75                  from /opt/SwarmMap/code/include/MapPoint.h:24,
12.75                  from /opt/SwarmMap/code/include/Map.h:24,
12.75                  from /opt/SwarmMap/code/src/Mapit.cc:6:
12.75 /opt/SwarmMap/code/include/ORBextractor.h:29:10: fatal error: opencv2/cudafilters.hpp: No such file or directory
12.75  #include <opencv2/cudafilters.hpp>
12.75           ^~~~~~~~~~~~~~~~~~~~~~~~~
12.75 compilation terminated.
12.77 make[2]: *** [CMakeFiles/slam_core.dir/code/src/Mapit.cc.o] Error 1
12.77 CMakeFiles/slam_core.dir/build.make:810: recipe for target 'CMakeFiles/slam_core.dir/code/src/Mapit.cc.o' failed
13.23 /opt/SwarmMap/code/src/DynamicExtractor.cc: In constructor 'ORB_SLAM2::DynamicExtractor::DynamicExtractor(const string&, int, bool, float, float)':
13.23 /opt/SwarmMap/code/src/DynamicExtractor.cc:12:77: warning: unused parameter 'maxUsage' [-Wunused-parameter]
13.23      DynamicExtractor::DynamicExtractor(const std::string &strModelPath, int maxUsage, bool useOpticalFlow,
13.23                                                                              ^~~~~~~~
13.23 /opt/SwarmMap/code/src/DynamicExtractor.cc:12:92: warning: unused parameter 'useOpticalFlow' [-Wunused-parameter]
13.23      DynamicExtractor::DynamicExtractor(const std::string &strModelPath, int maxUsage, bool useOpticalFlow,
13.23                                                                                             ^~~~~~~~~~~~~~
13.23 /opt/SwarmMap/code/src/DynamicExtractor.cc:13:46: warning: unused parameter 'confThreshold' [-Wunused-parameter]
13.23                                         float confThreshold, float maskThreshold) {
13.23                                               ^~~~~~~~~~~~~
13.23 /opt/SwarmMap/code/src/DynamicExtractor.cc:13:67: warning: unused parameter 'maskThreshold' [-Wunused-parameter]
13.23                                         float confThreshold, float maskThreshold) {
13.23                                                                    ^~~~~~~~~~~~~
13.24 /opt/SwarmMap/code/src/DynamicExtractor.cc: In member function 'cv::Mat ORB_SLAM2::DynamicExtractor::extractMask(const cv::Mat&)':
13.24 /opt/SwarmMap/code/src/DynamicExtractor.cc:59:19: warning: unused variable 'numClasses' [-Wunused-variable]
13.24          const int numClasses = outMasks.size[1];
13.24                    ^~~~~~~~~~
13.24 /opt/SwarmMap/code/src/DynamicExtractor.cc: In member function 'void ORB_SLAM2::DynamicExtractor::extractMaskDirect(const std::vector<cv::Mat>&, std::vector<cv::Mat>&)':
13.24 /opt/SwarmMap/code/src/DynamicExtractor.cc:107:69: warning: unused parameter 'frames' [-Wunused-parameter]
13.24      void DynamicExtractor::extractMaskDirect(const vector<cv::Mat> &frames, vector<cv::Mat> &masks) {
13.24                                                                      ^~~~~~
13.24 /opt/SwarmMap/code/src/DynamicExtractor.cc:107:94: warning: unused parameter 'masks' [-Wunused-parameter]
13.24      void DynamicExtractor::extractMaskDirect(const vector<cv::Mat> &frames, vector<cv::Mat> &masks) {
13.24                                                                                               ^~~~~
19.39 make[1]: *** [CMakeFiles/slam_core.dir/all] Error 2
19.39 CMakeFiles/Makefile2:141: recipe for target 'CMakeFiles/slam_core.dir/all' failed
19.39 Makefile:83: recipe for target 'all' failed
19.39 make: *** [all] Error 2
------
Dockerfile:140
--------------------
 139 |
 140 | >>> RUN mkdir build && cd build \
 141 | >>>     && echo "=== CMake Configuration ===" \
 142 | >>>     && cmake .. -DCMAKE_BUILD_TYPE=Release \
 143 | >>>         -DCUDA_TOOLKIT_ROOT_DIR=/usr/local/cuda \
 144 | >>>         -DCMAKE_POSITION_INDEPENDENT_CODE=ON \
 145 | >>>         -DEIGEN3_INCLUDE_DIR=/usr/include/eigen3 \
 146 | >>>     && echo "=== Building SwarmMap Core ===" \
 147 | >>>     && make -j$(nproc) \
 148 | >>>     && echo "=== SwarmMap Build Complete ==="
 149 |
--------------------
ERROR: failed to solve: process "/bin/sh -c mkdir build && cd build     && echo \"=== CMake Configuration ===\"     && cmake .. -DCMAKE_BUILD_TYPE=Release         -DCUDA_TOOLKIT_ROOT_DIR=/usr/local/cuda         -DCMAKE_POSITION_INDEPENDENT_CODE=ON         -DEIGEN3_INCLUDE_DIR=/usr/include/eigen3     && echo \"=== Building SwarmMap Core ===\"     && make -j$(nproc)     && echo \"=== SwarmMap Build Complete ===\"" did not complete successfully: exit code: 2

View build details: docker-desktop://dashboard/build/desktop-linux/desktop-linux/wejid2meetw0k8iy62e9d4oa5